<?xml version="1.0" encoding="UTF-8"?>
<!-- Generated by org.testng.reporters.JUnitReportReporter -->
<testsuite skipped="0" hostname="Admin-PC" name="restAssured.PostAPI" tests="1" failures="0" timestamp="29 Mar 2019 23:14:20 GMT" time="8.620" errors="0">
  <testcase name="getRequestAPI" time="8.620" classname="restAssured.PostAPI"/>
</testsuite> <!-- restAssured.PostAPI -->
