<?xml version="1.0" encoding="UTF-8"?>
<!-- Generated by org.testng.reporters.JUnitReportReporter -->
<testsuite skipped="0" hostname="Admin-PC" name="restAssured.SchemaValidationAPI" tests="1" failures="0" timestamp="30 Mar 2019 07:50:25 GMT" time="6.877" errors="0">
  <testcase name="SchemaValidation" time="6.877" classname="restAssured.SchemaValidationAPI"/>
</testsuite> <!-- restAssured.SchemaValidationAPI -->
