<?xml version="1.0" encoding="UTF-8"?>
<!-- Generated by org.testng.reporters.JUnitReportReporter -->
<testsuite skipped="0" hostname="Admin-PC" name="restAssured.PostRequestAPI" tests="1" failures="0" timestamp="30 Mar 2019 07:50:25 GMT" time="9.478" errors="0">
  <testcase name="getRequestAPI" time="9.478" classname="restAssured.PostRequestAPI"/>
</testsuite> <!-- restAssured.PostRequestAPI -->
